# JRE version: Java(TM) SE Runtime Environment (8.0_181-b13) (build 1.8.0_181-b13)
# Java VM: Java HotSpot(TM) Client VM (25.181-b13 mixed mode windows-x86 )
Heap:
 par new generation   total 157248K, used 44732K [0x04800000, 0x0f2a0000, 0x0f2a0000)
  eden space 139776K,  30% used [0x04800000, 0x071874a0, 0x0d080000)
  from space 17472K,  12% used [0x0d080000, 0x0d2a7bc0, 0x0e190000)
  to   space 17472K,   0% used [0x0e190000, 0x0e190000, 0x0f2a0000)
 concurrent mark-sweep generation total 349568K, used 144044K [0x0f2a0000, 0x24800000, 0x24800000)
 Metaspace       used 21616K, capacity 23355K, committed 23424K, reserved 23936K
GC Heap History (10 events):
Event: 1558.950 GC heap before
{Heap before GC invocations=4039 (full 33):
 par new generation   total 157248K, used 142523K [0x04800000, 0x0f2a0000, 0x0f2a0000)
  eden space 139776K, 100% used [0x04800000, 0x0d080000, 0x0d080000)
  from space 17472K,  15% used [0x0e190000, 0x0e43ec08, 0x0f2a0000)
  to   space 17472K,   0% used [0x0d080000, 0x0d080000, 0x0e190000)
 concurrent mark-sweep generation total 349568K, used 143153K [0x0f2a0000, 0x24800000, 0x24800000)
 Metaspace       used 21616K, capacity 23355K, committed 23424K, reserved 23936K
Event: 1558.954 GC heap after
Heap after GC invocations=4040 (full 33):
 par new generation   total 157248K, used 2734K [0x04800000, 0x0f2a0000, 0x0f2a0000)
  eden space 139776K,   0% used [0x04800000, 0x04800000, 0x0d080000)
  from space 17472K,  15% used [0x0d080000, 0x0d32ba40, 0x0e190000)
  to   space 17472K,   0% used [0x0e190000, 0x0e190000, 0x0f2a0000)
 concurrent mark-sweep generation total 349568K, used 143154K [0x0f2a0000, 0x24800000, 0x24800000)
 Metaspace       used 21616K, capacity 23355K, committed 23424K, reserved 23936K
}
Event: 1558.954 GC heap before
{Heap before GC invocations=4040 (full 33):
 par new generation   total 157248K, used 4190K [0x04800000, 0x0f2a0000, 0x0f2a0000)
  eden space 139776K,   1% used [0x04800000, 0x0496c158, 0x0d080000)
  from space 17472K,  15% used [0x0d080000, 0x0d32ba40, 0x0e190000)
  to   space 17472K,   0% used [0x0e190000, 0x0e190000, 0x0f2a0000)
 concurrent mark-sweep generation total 349568K, used 143154K [0x0f2a0000, 0x24800000, 0x24800000)
 Metaspace       used 21616K, capacity 23355K, committed 23424K, reserved 23936K
Event: 1558.956 GC heap after
Heap after GC invocations=4041 (full 33):
 par new generation   total 157248K, used 2843K [0x04800000, 0x0f2a0000, 0x0f2a0000)
  eden space 139776K,   0% used [0x04800000, 0x04800000, 0x0d080000)
  from space 17472K,  16% used [0x0e190000, 0x0e456e68, 0x0f2a0000)
  to   space 17472K,   0% used [0x0d080000, 0x0d080000, 0x0e190000)
 concurrent mark-sweep generation total 349568K, used 143160K [0x0f2a0000, 0x24800000, 0x24800000)
 Metaspace       used 21616K, capacity 23355K, committed 23424K, reserved 23936K
}
Event: 1561.062 GC heap before
{Heap before GC invocations=4041 (full 33):
 par new generation   total 157248K, used 142619K [0x04800000, 0x0f2a0000, 0x0f2a0000)
  eden space 139776K, 100% used [0x04800000, 0x0d080000, 0x0d080000)
  from space 17472K,  16% used [0x0e190000, 0x0e456e68, 0x0f2a0000)
  to   space 17472K,   0% used [0x0d080000, 0x0d080000, 0x0e190000)
 concurrent mark-sweep generation total 349568K, used 143160K [0x0f2a0000, 0x24800000, 0x24800000)
 Metaspace       used 21616K, capacity 23355K, committed 23424K, reserved 23936K
Event: 1561.064 GC heap after
Heap after GC invocations=4042 (full 33):
 par new generation   total 157248K, used 2670K [0x04800000, 0x0f2a0000, 0x0f2a0000)
  eden space 139776K,   0% used [0x04800000, 0x04800000, 0x0d080000)
  from space 17472K,  15% used [0x0d080000, 0x0d31b940, 0x0e190000)
  to   space 17472K,   0% used [0x0e190000, 0x0e190000, 0x0f2a0000)
 concurrent mark-sweep generation total 349568K, used 143163K [0x0f2a0000, 0x24800000, 0x24800000)
 Metaspace       used 21616K, capacity 23355K, committed 23424K, reserved 23936K
}
Event: 1561.205 GC heap before
{Heap before GC invocations=4042 (full 33):
 par new generation   total 157248K, used 142446K [0x04800000, 0x0f2a0000, 0x0f2a0000)
  eden space 139776K, 100% used [0x04800000, 0x0d080000, 0x0d080000)
  from space 17472K,  15% used [0x0d080000, 0x0d31b940, 0x0e190000)
  to   space 17472K,   0% used [0x0e190000, 0x0e190000, 0x0f2a0000)
 concurrent mark-sweep generation total 349568K, used 143163K [0x0f2a0000, 0x24800000, 0x24800000)
 Metaspace       used 21616K, capacity 23355K, committed 23424K, reserved 23936K
Event: 1561.207 GC heap after
Heap after GC invocations=4043 (full 33):
 par new generation   total 157248K, used 2952K [0x04800000, 0x0f2a0000, 0x0f2a0000)
  eden space 139776K,   0% used [0x04800000, 0x04800000, 0x0d080000)
  from space 17472K,  16% used [0x0e190000, 0x0e472218, 0x0f2a0000)
  to   space 17472K,   0% used [0x0d080000, 0x0d080000, 0x0e190000)
 concurrent mark-sweep generation total 349568K, used 143193K [0x0f2a0000, 0x24800000, 0x24800000)
 Metaspace       used 21616K, capacity 23355K, committed 23424K, reserved 23936K
}
Event: 1564.354 GC heap before
{Heap before GC invocations=4043 (full 33):
 par new generation   total 157248K, used 142010K [0x04800000, 0x0f2a0000, 0x0f2a0000)
  eden space 139776K,  99% used [0x04800000, 0x0cfcc818, 0x0d080000)
  from space 17472K,  16% used [0x0e190000, 0x0e472218, 0x0f2a0000)
  to   space 17472K,   0% used [0x0d080000, 0x0d080000, 0x0e190000)
 concurrent mark-sweep generation total 349568K, used 143193K [0x0f2a0000, 0x24800000, 0x24800000)
 Metaspace       used 21616K, capacity 23355K, committed 23424K, reserved 23936K
Event: 1564.357 GC heap after
Heap after GC invocations=4044 (full 33):
 par new generation   total 157248K, used 2206K [0x04800000, 0x0f2a0000, 0x0f2a0000)
  eden space 139776K,   0% used [0x04800000, 0x04800000, 0x0d080000)
  from space 17472K,  12% used [0x0d080000, 0x0d2a7bc0, 0x0e190000)
  to   space 17472K,   0% used [0x0e190000, 0x0e190000, 0x0f2a0000)
 concurrent mark-sweep generation total 349568K, used 144044K [0x0f2a0000, 0x24800000, 0x24800000)
 Metaspace       used 21616K, capacity 23355K, committed 23424K, reserved 23936K
}

